----------------------------------
After restart
----------------------------------
Starting HTTP server on 80
Connected to database
Server started successfully
----------------------------------
After restart
----------------------------------
Starting HTTP server on 80
Connected to database
Server started successfully
----------------------------------
After restart
----------------------------------
Starting HTTP server on 80
Connected to database
Server started successfully
----------------------------------
After restart
----------------------------------
Starting HTTP server on 80
Connected to database
Server started successfully
----------------------------------
After restart
----------------------------------
Starting HTTP server on 80
Connected to database
Server started successfully
----------------------------------
After restart
----------------------------------
Starting HTTP server on 80
Connected to database
Server started successfully
----------------------------------
After restart
----------------------------------
Starting HTTP server on 80
Connected to database
Server started successfully
----------------------------------
After restart
----------------------------------
Starting HTTP server on 80
Connected to database
Server started successfully
----------------------------------
After restart
----------------------------------
Starting HTTP server on 80
Connected to database
Server started successfully
----------------------------------
After restart
----------------------------------
Starting HTTP server on 80
Connected to database
Server started successfully
----------------------------------
After restart
----------------------------------
Starting HTTP server on 80
Connected to database
Server started successfully
----------------------------------
After restart
----------------------------------
Starting HTTP server on 80
Connected to database
Server started successfully
--------------------------------------------------------------------
Starting HTTP server on 80
Connected to database
Server started successfully
--------------------------------------------------------------------
Starting HTTP server on 80
Connected to database
Server started successfully
--------------------------------------------------------------------
Starting HTTP server on 80
Connected to database
Server started successfully
--------------------------------------------------------------------
Starting HTTP server on 80
Connected to database
Server started successfully
--------------------------------------------------------------------
Starting HTTP server on 80
Connected to database
Server started successfully
--------------------------------------------------------------------
Starting HTTP server on 80
Connected to database
Server started successfully
--------------------------------------------------------------------
Starting HTTP server on 80
Connected to database
Server started successfully
--------------------------------------------------------------------
Starting HTTP server on 80
Connected to database
Server started successfully
--------------------------------------------------------------------
Starting HTTP server on 80
Connected to database
Server started successfully
--------------------------------------------------------------------
Starting HTTP server on 80
Connected to database
Server started successfully
open ./pages/style.cssindex.html: The system cannot find the file specified.
--------------------------------------------------------------------
Starting HTTP server on 80
Connected to database
Server started successfully
open ./pages/style.cssindex.html: The system cannot find the file specified.
--------------------------------------------------------------------
Starting HTTP server on 80
Connected to database
Server started successfully
open ./pages/style.cssindex.html: The system cannot find the file specified.
--------------------------------------------------------------------
Starting HTTP server on 80
Connected to database
Server started successfully
--------------------------------------------------------------------
Starting HTTP server on 80
Connected to database
Server started successfully
--------------------------------------------------------------------
Starting HTTP server on 80
Connected to database
Server started successfully
open ./pages/favicon.icoindex.html: The system cannot find the file specified.
open ./pages/favicon.icoindex.html: The system cannot find the file specified.
--------------------------------------------------------------------
Starting HTTP server on 80
Connected to database
Server started successfully
listen tcp 127.0.0.1:80: bind: Only one usage of each socket address (protocol/network address/port) is normally permitted.
open ./pages/favicon.icoindex.html: The system cannot find the file specified.
--------------------------------------------------------------------
Starting HTTP server on 80
Connected to database
Server started successfully
listen tcp 127.0.0.1:80: bind: Only one usage of each socket address (protocol/network address/port) is normally permitted.
--------------------------------------------------------------------
Starting HTTP server on 80
Connected to database
Server started successfully
--------------------------------------------------------------------
Starting HTTP server on 80
Connected to database
Server started successfully
--------------------------------------------------------------------
Starting HTTP server on 80
Connected to database
Server started successfully
--------------------------------------------------------------------
Starting HTTP server on 80
Connected to database
Server started successfully
--------------------------------------------------------------------
Starting HTTP server on 80
Connected to database
Server started successfully
open ./pages/favicon.icoindex.html: The system cannot find the file specified.
--------------------------------------------------------------------
Starting HTTP server on 80
Connected to database
Server started successfully
open ./pages/favicon.icoindex.html: The system cannot find the file specified.
--------------------------------------------------------------------
Starting HTTP server on 80
Connected to database
Server started successfully
--------------------------------------------------------------------
Starting HTTP server on 80
Connected to database
Server started successfully
--------------------------------------------------------------------
Starting HTTP server on 80
Connected to database
Server started successfully
--------------------------------------------------------------------
Starting HTTP server on 80
Connected to database
Server started successfully
--------------------------------------------------------------------
Starting HTTP server on 80
Connected to database
Server started successfully
--------------------------------------------------------------------
Starting HTTP server on 80
Connected to database
Server started successfully
--------------------------------------------------------------------
Starting HTTP server on 80
Connected to database
Server started successfully
--------------------------------------------------------------------
Starting HTTP server on 80
Connected to database
Server started successfully
--------------------------------------------------------------------
Starting HTTP server on 80
Connected to database
Server started successfully
--------------------------------------------------------------------
Starting HTTP server on 80
Connected to database
sql: Scan error on column index 11, name "people_count": converting driver.Value type []uint8 ("2%3B2") to a int: invalid syntax
sql: Scan error on column index 11, name "people_count": converting driver.Value type []uint8 ("0%3B1") to a int: invalid syntax
sql: Scan error on column index 11, name "people_count": converting driver.Value type []uint8 ("2%3B2") to a int: invalid syntax
sql: Scan error on column index 11, name "people_count": converting driver.Value type []uint8 ("0%3B1") to a int: invalid syntax
sql: Scan error on column index 11, name "people_count": converting driver.Value type []uint8 ("2%3B2") to a int: invalid syntax
sql: Scan error on column index 11, name "people_count": converting driver.Value type []uint8 ("0%3B1") to a int: invalid syntax
sql: Scan error on column index 11, name "people_count": converting driver.Value type []uint8 ("0%3B1") to a int: invalid syntax
--------------------------------------------------------------------
Starting HTTP server on 80
Connected to database
--------------------------------------------------------------------
Starting HTTP server on 80
Connected to database
parsing time "18.07.2024" as "dd.MM.yyyy": cannot parse "18.07.2024" as "dd.MM.yyyy"
parsing time "30.11.2023" as "dd.MM.yyyy": cannot parse "30.11.2023" as "dd.MM.yyyy"
parsing time "15.08.2024" as "dd.MM.yyyy": cannot parse "15.08.2024" as "dd.MM.yyyy"
parsing time "02.12.2023" as "dd.MM.yyyy": cannot parse "02.12.2023" as "dd.MM.yyyy"
parsing time "02.12.2023" as "dd.MM.yyyy": cannot parse "02.12.2023" as "dd.MM.yyyy"
parsing time "02.12.2023" as "dd.MM.yyyy": cannot parse "02.12.2023" as "dd.MM.yyyy"
parsing time "02.12.2023" as "dd.MM.yyyy": cannot parse "02.12.2023" as "dd.MM.yyyy"
--------------------------------------------------------------------
Starting HTTP server on 80
Connected to database
parsing time "18.07.2024" as "2006.01.02": cannot parse "18.07.2024" as "2006"
parsing time "30.11.2023" as "2006.01.02": cannot parse "30.11.2023" as "2006"
parsing time "15.08.2024" as "2006.01.02": cannot parse "15.08.2024" as "2006"
parsing time "02.12.2023" as "2006.01.02": cannot parse "02.12.2023" as "2006"
parsing time "02.12.2023" as "2006.01.02": cannot parse "02.12.2023" as "2006"
parsing time "02.12.2023" as "2006.01.02": cannot parse "02.12.2023" as "2006"
parsing time "02.12.2023" as "2006.01.02": cannot parse "02.12.2023" as "2006"
--------------------------------------------------------------------
Starting HTTP server on 80
Connected to database
--------------------------------------------------------------------
Starting HTTP server on 80
Connected to database
-------------------------------
Starting HTTP server on 80
Connected to database
Server started successfully
-------------------------------
Starting HTTP server on 80
Connected to database
Server started successfully
-------------------------------
Starting HTTP server on 80
Connected to database
Server started successfully
-------------------------------
Starting HTTP server on 80
Connected to database
Server started successfully
-------------------------------
Starting HTTP server on 80
Connected to database
Server started successfully
-------------------------------
Starting HTTP server on 80
Connected to database
Server started successfully
-------------------------------
Starting HTTP server on 80
Connected to database
Server started successfully
-----------------2023-12-18--------------
Starting HTTP server on 80
Connected to database
Server started successfully
-----------------2023-12-18--------------
Starting HTTP server on 80
Connected to database
Server started successfully
-----------------2023-12-18--------------
Starting HTTP server on 80
Connected to database
Server started successfully
-----------------2023-12-19--------------
Starting HTTP server on 80
Connected to database
Server started successfully
-----------------2023-12-19--------------
Starting HTTP server on 80
Connected to database
Server started successfully
-----------------2023-12-19--------------
Starting HTTP server on 80
Connected to database
Server started successfully
-----------------2023-12-20--------------
Starting HTTP server on 80
Connected to database
Server started successfully
-----------------2023-12-20--------------
Starting HTTP server on 80
Connected to database
Server started successfully
-----------------2023-12-20--------------
Starting HTTP server on 80
Connected to database
Server started successfully
Error 1064 (42000): You have an error in your SQL syntax; check the manual that corresponds to your MySQL server version for the right syntax to use near '\'town'
	AGAINST (?) as relev FROM activities WHERE
	MATCH 'town' AGAINST (?)>0 ' at line 1
-----------------2023-12-20--------------
Starting HTTP server on 80
Connected to database
Server started successfully
Error 1064 (42000): You have an error in your SQL syntax; check the manual that corresponds to your MySQL server version for the right syntax to use near ''town'
	AGAINST (?) as relev FROM activities WHERE
	MATCH 'town' AGAINST (?)>0 A' at line 1
-----------------2023-12-20--------------
Starting HTTP server on 80
Connected to database
Server started successfully
Error 1064 (42000): You have an error in your SQL syntax; check the manual that corresponds to your MySQL server version for the right syntax to use near '?town?
	AGAINST (?) as relev FROM activities WHERE
	MATCH 'town' AGAINST (?)>0 A' at line 1
-----------------2023-12-20--------------
Starting HTTP server on 80
Connected to database
Server started successfully
Error 1191 (HY000): Can't find FULLTEXT index matching the column list
Error 1191 (HY000): Can't find FULLTEXT index matching the column list
-----------------2023-12-20--------------
Starting HTTP server on 80
Connected to database
Server started successfully
sql: expected 3 arguments, got 5
-----------------2023-12-20--------------
Starting HTTP server on 80
Connected to database
Server started successfully
-----------------2023-12-20--------------
Starting HTTP server on 80
Connected to database
Server started successfully
-----------------2023-12-20--------------
Starting HTTP server on 80
Connected to database
Server started successfully
-----------------2023-12-20--------------
Starting HTTP server on 80
Connected to database
Server started successfully
-----------------2023-12-20--------------
Starting HTTP server on 80
Connected to database
Server started successfully
-----------------2023-12-20--------------
Starting HTTP server on 80
Connected to database
Server started successfully
-----------------2023-12-20--------------
Starting HTTP server on 80
Connected to database
Server started successfully
-----------------2023-12-20--------------
Starting HTTP server on 80
Connected to database
Server started successfully
-----------------2023-12-20--------------
Starting HTTP server on 80
Connected to database
Server started successfully
-----------------2023-12-20--------------
Starting HTTP server on 80
Connected to database
Server started successfully
Clearing old travels
-----------------2023-12-20--------------
Starting HTTP server on 80
Connected to database
Server started successfully
Clearing old travels
-----------------2023-12-20--------------
Starting HTTP server on 80
Connected to database
Server started successfully
Clearing old travels
-----------------2023-12-22--------------
Starting HTTP server on 80
Connected to database
Server started successfully
Clearing old travels
-----------------2023-12-22--------------
Starting HTTP server on 80
Connected to database
Server started successfully
Clearing old travels
-----------------2023-12-25--------------
Starting HTTP server on 80
Connected to database
Server started successfully
Clearing old travels
-----------------2023-12-25--------------
Starting HTTP server on 80
Connected to database
Server started successfully
Clearing old travels
-----------------2023-12-25--------------
Starting HTTP server on 80
Connected to database
Server started successfully
Clearing old travels
-----------------2023-12-25--------------
Starting HTTP server on 80
Connected to database
Server started successfully
Clearing old travels
-----------------2023-12-25--------------
Starting HTTP server on 80
Connected to database
Server started successfully
Clearing old travels
-----------------2023-12-25--------------
Starting HTTP server on 80
Connected to database
Server started successfully
Clearing old travels
-----------------2023-12-25--------------
Starting HTTP server on 80
Connected to database
Server started successfully
Clearing old travels
-----------------2023-12-25--------------
Starting HTTP server on 80
Connected to database
Server started successfully
Clearing old travels
-----------------2023-12-25--------------
Starting HTTP server on 80
Connected to database
Server started successfully
Clearing old travels
-----------------2023-12-25--------------
Starting HTTP server on 80
Connected to database
Server started successfully
Clearing old travels
-----------------2023-12-25--------------
Starting HTTP server on 80
Connected to database
Server started successfully
Clearing old travels
1
2
3
4
5
6
7
8
9
1
2
3
4
5
6
7
8
9
1
2
3
4
5
6
7
8
9
1
2
3
4
5
6
7
8
9
1
2
3
4
5
6
7
8
9
1
2
3
4
5
6
7
8
9
1
2
3
4
5
6
7
8
9
-----------------2023-12-25--------------
Starting HTTP server on 80
Connected to database
Server started successfully
Clearing old travels
1
2
3
4
5
6
7
8
9
-----------------2023-12-25--------------
Starting HTTP server on 80
Connected to database
Server started successfully
Clearing old travels
1
2
3
4
5
6
7
8
9
1
2
3
4
5
6
7
8
9
1
2
3
4
5
6
7
8
9
1
2
3
4
5
6
7
8
9
1
2
3
4
5
6
7
8
9
1
2
3
4
5
6
7
8
9
-----------------2023-12-25--------------
Starting HTTP server on 80
Connected to database
Clearing old travels
Server started successfully
1
2
3
4
5
6
7
8
9
-----------------2023-12-25--------------
Starting HTTP server on 80
Connected to database
Server started successfully
Clearing old travels
1
2
3
4
5
6
7
8
10
10
11
-----------------2023-12-25--------------
Starting HTTP server on 80
Connected to database
Server started successfully
Clearing old travels
10
10
-----------------2023-12-25--------------
Starting HTTP server on 80
Connected to database
Server started successfully
Clearing old travels
/api/activities/insert
-----------------2023-12-25--------------
Starting HTTP server on 80
Connected to database
Server started successfully
Clearing old travels
/api/activities/insert adada
-----------------2023-12-25--------------
Starting HTTP server on 80
Connected to database
Server started successfully
Clearing old travels
/api/activities/insert adada
-----------------2023-12-25--------------
Starting HTTP server on 80
Connected to database
Server started successfully
Clearing old travels
-----------------2023-12-25--------------
Starting HTTP server on 80
Connected to database
Server started successfully
Clearing old travels
-----------------2023-12-25--------------
Starting HTTP server on 80
Connected to database
Server started successfully
Clearing old travels
-----------------2023-12-26--------------
Starting HTTP server on 80
Connected to database
Server started successfully
Clearing old travels
-----------------2023-12-26--------------
Starting HTTP server on 80
Connected to database
Server started successfully
Clearing old travels
Error: bad query (budget)
Error: bad query (budget)
Error: bad query (budget)
Error: bad query (budget)
-----------------2023-12-26--------------
Starting HTTP server on 80
Connected to database
Server started successfully
Clearing old travels
-----------------2023-12-26--------------
Starting HTTP server on 80
Connected to database
Server started successfully
Clearing old travels
-----------------2023-12-28--------------
Starting HTTP server on 80
Connected to database
Server started successfully
Clearing old travels
